2024-04-22 20:04:486 INFO  ManageBrowser :37 - Chrome Browser Launch....
2024-04-22 20:04:420 INFO  ManageBrowser :40 -  Firefox Browser Launch....
2024-04-22 20:04:568 INFO  ManageBrowser :35 - Accepting Consent....
2024-04-22 20:04:833 INFO  ManageBrowser :39 - Clicking on 'Book now'....
2024-04-22 20:04:646 INFO  ManageBrowser :49 - Entering search term....
2024-04-22 20:04:618 INFO  ManageBrowser :51 - Clicking search button....
2024-04-22 20:04:767 INFO  ManageBrowser :53 - Selecting a clinic....
2024-04-22 20:04:973 INFO  ManageBrowser :55 - Selecting a date....
2024-04-22 20:04:534 INFO  ManageBrowser :57 - Selecting a time....
2024-04-22 20:04:720 INFO  ManageBrowser :37 - Chrome Browser Launch....
2024-04-22 20:04:21 INFO  ManageBrowser :35 - Accepting Consent....
2024-04-22 20:04:295 INFO  ManageBrowser :39 - Clicking on 'Book now'....
2024-04-22 20:04:847 INFO  ManageBrowser :49 - Entering search term....
2024-04-22 21:04:316 INFO  ManageBrowser :37 - Chrome Browser Launch....
2024-04-22 21:04:139 INFO  ManageBrowser :37 - Chrome Browser Launch....
2024-04-22 21:04:139 INFO  ManageBrowser :37 - Chrome Browser Launch....
2024-04-22 21:04:139 INFO  ManageBrowser :37 - Chrome Browser Launch....
2024-04-22 21:04:826 INFO  ManageBrowser :25 - Accepting Consent....
2024-04-22 21:04:886 INFO  ManageBrowser :25 - Accepting Consent....
2024-04-22 21:04:348 INFO  ManageBrowser :30 - Clicking on 'Book now'....
2024-04-22 21:04:299 INFO  ManageBrowser :42 - Entering search term....
2024-04-22 21:04:165 INFO  ManageBrowser :44 - Clicking search button....
2024-04-22 21:04:295 INFO  ManageBrowser :46 - Selecting a clinic....
2024-04-22 21:04:530 INFO  ManageBrowser :48 - Selecting a date....
2024-04-22 21:04:461 INFO  ManageBrowser :50 - Selecting a time....
2024-04-22 21:04:594 INFO  ManageBrowser :63 - Confirming selections....
2024-04-23 05:04:373 INFO  ManageBrowser :37 - Chrome Browser Launch....
2024-04-23 05:04:303 INFO  ManageBrowser :40 -  Firefox Browser Launch....
2024-04-23 05:04:128 INFO  ManageBrowser :35 - Accepting Consent....
2024-04-23 05:04:529 INFO  ManageBrowser :39 - Clicking on 'Book now'....
2024-04-23 05:04:230 INFO  ManageBrowser :49 - Entering search term....
2024-04-23 05:04:721 INFO  ManageBrowser :40 -  Firefox Browser Launch....
2024-04-23 05:04:62 INFO  ManageBrowser :40 -  Firefox Browser Launch....
2024-04-23 05:04:702 INFO  ManageBrowser :51 - Clicking search button....
2024-04-23 05:04:841 INFO  ManageBrowser :53 - Selecting a clinic....
2024-04-23 05:04:682 INFO  ManageBrowser :55 - Selecting a date....
2024-04-23 05:04:17 INFO  ManageBrowser :57 - Selecting a time....
2024-04-23 05:04:633 INFO  ManageBrowser :63 - Confirming selections....
2024-04-23 05:04:801 INFO  ManageBrowser :71 - Continuing....
2024-04-23 05:04:332 INFO  ManageBrowser :37 - Chrome Browser Launch....
2024-04-23 05:04:111 INFO  ManageBrowser :25 - Accepting Consent....
2024-04-23 05:04:370 INFO  ManageBrowser :30 - Clicking on 'Book now'....
2024-04-23 05:04:359 INFO  ManageBrowser :42 - Entering search term....
2024-04-23 05:04:16 INFO  ManageBrowser :44 - Clicking search button....
2024-04-23 05:04:133 INFO  ManageBrowser :46 - Selecting a clinic....
2024-04-23 05:04:39 INFO  ManageBrowser :48 - Selecting a date....
2024-04-23 05:04:461 INFO  ManageBrowser :50 - Selecting a time....
2024-04-23 05:04:568 INFO  ManageBrowser :63 - Confirming selections....
2024-04-23 05:04:784 INFO  ManageBrowser :71 - Continuing....
2024-04-23 05:04:56 INFO  ManageBrowser :37 - Chrome Browser Launch....
2024-04-23 05:04:691 INFO  ManageBrowser :25 - Accepting Consent....
2024-04-23 05:04:907 INFO  ManageBrowser :30 - Clicking on 'Book now'....
2024-04-23 05:04:201 INFO  ManageBrowser :42 - Entering search term....
2024-04-23 05:04:950 INFO  ManageBrowser :44 - Clicking search button....
2024-04-23 05:04:23 INFO  ManageBrowser :46 - Selecting a clinic....
2024-04-23 05:04:97 INFO  ManageBrowser :48 - Selecting a date....
2024-04-23 05:04:532 INFO  ManageBrowser :50 - Selecting a time....
2024-04-23 05:04:620 INFO  ManageBrowser :63 - Confirming selections....
2024-04-23 05:04:406 INFO  ManageBrowser :71 - Continuing....
2024-04-23 05:04:68 INFO  ManageBrowser :37 - Chrome Browser Launch....
2024-04-23 05:04:65 INFO  ManageBrowser :25 - Accepting Consent....
2024-04-23 05:04:324 INFO  ManageBrowser :30 - Clicking on 'Book now'....
2024-04-23 05:04:946 INFO  ManageBrowser :42 - Entering search term....
2024-04-23 05:04:23 INFO  ManageBrowser :44 - Clicking search button....
2024-04-23 05:04:112 INFO  ManageBrowser :46 - Selecting a clinic....
2024-04-23 05:04:223 INFO  ManageBrowser :48 - Selecting a date....
2024-04-23 05:04:826 INFO  ManageBrowser :50 - Selecting a time....
2024-04-23 10:04:846 INFO  ManageBrowser :37 - Chrome Browser Launch....
2024-04-23 10:04:952 INFO  ManageBrowser :38 - Accepting Consent....
2024-04-23 10:04:153 INFO  ManageBrowser :42 - Clicking on 'Book now'....
2024-04-23 11:04:272 INFO  ManageBrowser :37 - Chrome Browser Launch....
2024-04-23 11:04:112 INFO  ManageBrowser :38 - Accepting Consent....
2024-04-23 11:04:374 INFO  ManageBrowser :42 - Clicking on 'Book now'....
2024-04-23 11:04:654 INFO  ManageBrowser :92 - Entering search term....
2024-04-23 11:04:843 INFO  ManageBrowser :92 - Entering search term....
2024-04-23 11:04:734 INFO  ManageBrowser :37 - Chrome Browser Launch....
2024-04-23 11:04:33 INFO  ManageBrowser :38 - Accepting Consent....
2024-04-23 11:04:292 INFO  ManageBrowser :42 - Clicking on 'Book now'....
2024-04-23 11:04:562 INFO  ManageBrowser :92 - Entering search term....
2024-04-23 11:04:537 INFO  ManageBrowser :37 - Chrome Browser Launch....
2024-04-23 11:04:799 INFO  ManageBrowser :38 - Accepting Consent....
2024-04-23 11:04:49 INFO  ManageBrowser :42 - Clicking on 'Book now'....
2024-04-23 11:04:357 INFO  ManageBrowser :94 - Entering search term....
2024-04-23 11:04:442 INFO  ManageBrowser :96 - Selecting a clinic....
2024-04-23 11:04:516 INFO  ManageBrowser :98 - Selecting a date....
2024-04-23 11:04:759 INFO  ManageBrowser :37 - Chrome Browser Launch....
2024-04-23 11:04:551 INFO  ManageBrowser :38 - Accepting Consent....
2024-04-23 11:04:830 INFO  ManageBrowser :42 - Clicking on 'Book now'....
2024-04-23 11:04:870 INFO  ManageBrowser :94 - Entering search term....
2024-04-23 11:04:162 INFO  ManageBrowser :96 - Clicking search button....
2024-04-23 11:04:314 INFO  ManageBrowser :98 - Selecting a clinic....
2024-04-23 11:04:799 INFO  ManageBrowser :100 - Selecting a date....
2024-04-23 11:04:275 INFO  ManageBrowser :102 - Selecting a time....
2024-04-23 11:04:92 INFO  ManageBrowser :66 - Confirming selections....
2024-04-23 11:04:13 INFO  ManageBrowser :74 - Continuing....
2024-04-23 11:04:862 INFO  ManageBrowser :37 - Chrome Browser Launch....
2024-04-23 11:04:990 INFO  ManageBrowser :38 - Accepting Consent....
2024-04-23 11:04:228 INFO  ManageBrowser :42 - Clicking on 'Book now'....
2024-04-23 11:04:756 INFO  ManageBrowser :94 - Entering search term....
2024-04-23 11:04:354 INFO  ManageBrowser :37 - Chrome Browser Launch....
2024-04-23 11:04:897 INFO  ManageBrowser :38 - Accepting Consent....
2024-04-23 11:04:138 INFO  ManageBrowser :42 - Clicking on 'Book now'....
2024-04-23 11:04:39 INFO  ManageBrowser :94 - Entering search term....
2024-04-23 11:04:218 INFO  ManageBrowser :37 - Chrome Browser Launch....
2024-04-23 11:04:694 INFO  ManageBrowser :38 - Accepting Consent....
2024-04-23 11:04:953 INFO  ManageBrowser :42 - Clicking on 'Book now'....
2024-04-23 11:04:130 INFO  ManageBrowser :40 -  Firefox Browser Launch....
2024-04-23 11:04:295 INFO  ManageBrowser :94 - Entering search term....
2024-04-23 11:04:390 INFO  ManageBrowser :37 - Chrome Browser Launch....
2024-04-23 11:04:850 INFO  ManageBrowser :40 -  Firefox Browser Launch....
2024-04-23 11:04:436 INFO  ManageBrowser :38 - Accepting Consent....
2024-04-23 11:04:710 INFO  ManageBrowser :42 - Clicking on 'Book now'....
2024-04-23 11:04:627 INFO  ManageBrowser :94 - Entering search term....
2024-04-23 11:04:749 INFO  ManageBrowser :37 - Chrome Browser Launch....
2024-04-23 11:04:375 INFO  ManageBrowser :38 - Accepting Consent....
2024-04-23 11:04:615 INFO  ManageBrowser :42 - Clicking on 'Book now'....
2024-04-23 11:04:790 INFO  ManageBrowser :94 - Entering search term....
2024-04-23 11:04:275 INFO  ManageBrowser :96 - Clicking search button....
2024-04-23 11:04:433 INFO  ManageBrowser :98 - Selecting a clinic....
2024-04-23 11:04:833 INFO  ManageBrowser :100 - Selecting a date....
2024-04-23 11:04:495 INFO  ManageBrowser :102 - Selecting a time....
2024-04-23 11:04:510 INFO  ManageBrowser :37 - Chrome Browser Launch....
2024-04-23 11:04:465 INFO  ManageBrowser :38 - Accepting Consent....
2024-04-23 11:04:747 INFO  ManageBrowser :42 - Clicking on 'Book now'....
2024-04-23 11:04:49 INFO  ManageBrowser :94 - Entering search term....
2024-04-23 11:04:156 INFO  ManageBrowser :37 - Chrome Browser Launch....
2024-04-23 11:04:954 INFO  ManageBrowser :37 - Chrome Browser Launch....
2024-04-23 11:04:522 INFO  ManageBrowser :38 - Accepting Consent....
2024-04-23 11:04:813 INFO  ManageBrowser :42 - Clicking on 'Book now'....
2024-04-23 11:04:287 INFO  ManageBrowser :94 - Entering search term....
2024-04-23 11:04:798 INFO  ManageBrowser :96 - Clicking search button....
2024-04-23 11:04:942 INFO  ManageBrowser :98 - Selecting a clinic....
2024-04-23 11:04:362 INFO  ManageBrowser :100 - Selecting a date....
2024-04-23 11:04:982 INFO  ManageBrowser :102 - Selecting a time....
2024-04-23 11:04:454 INFO  ManageBrowser :37 - Chrome Browser Launch....
2024-04-23 11:04:11 INFO  ManageBrowser :38 - Accepting Consent....
2024-04-23 11:04:865 INFO  ManageBrowser :42 - Clicking on 'Book now'....
2024-04-23 11:04:150 INFO  ManageBrowser :94 - Entering search term....
2024-04-23 11:04:985 INFO  ManageBrowser :96 - Clicking search button....
2024-04-23 11:04:118 INFO  ManageBrowser :98 - Selecting a clinic....
2024-04-23 11:04:216 INFO  ManageBrowser :100 - Selecting a date....
2024-04-23 11:04:820 INFO  ManageBrowser :102 - Selecting a time....
2024-04-23 14:04:667 INFO  ManageBrowser :37 - Chrome Browser Launch....
2024-04-23 14:04:264 INFO  ManageBrowser :38 - Accepting Consent....
2024-04-23 14:04:525 INFO  ManageBrowser :42 - Clicking on 'Book now'....
2024-04-23 14:04:727 INFO  ManageBrowser :94 - Entering search term....
2024-04-23 14:04:377 INFO  ManageBrowser :96 - Clicking search button....
2024-04-23 14:04:523 INFO  ManageBrowser :98 - Selecting a clinic....
2024-04-23 14:04:495 INFO  ManageBrowser :100 - Selecting a date....
2024-04-23 14:04:16 INFO  ManageBrowser :102 - Selecting a time....
2024-04-23 14:04:822 INFO  ManageBrowser :66 - Confirming selections....
2024-04-23 14:04:116 INFO  ManageBrowser :74 - Continuing....
